*DISPLACEMENTS
1 0.0 0.0
2 4.1002075900701165e-06 0.0
3 4.902828826509022e-06 0.0
4 5.705450071890915e-06 0.0
5 0.0 0.0
6 1.8286819198999398e-05 -7.710437126616587e-06
7 1.7531647873376128e-05 -4.104457594502606e-06
8 2.1332177457035193e-05 -7.377531164999951e-06
9 2.5132707055672403e-05 -1.695030691409351e-05
10 3.8206600018205036e-05 -1.4917888755277052e-05
11 4.055442273532322e-05 -1.4755062333380826e-05
12 5.1952731872423125e-05 -2.8348616045338938e-05
13 5.179502959034503e-05 -2.2434634512521893e-05
14 0.0001496581291084508 -1.7355269431619226e-05

*REACTION_FORCES
1 FX = -8834.133440240774
1 FY = -8834.133440240774
2 FY = -7790.547760453741
3 FY = 9696.781067012405
4 FY = 13306.396704987941
5 FX = -13479.125794842286
5 FY = 40045.10008454591

*ELEMENT_STRAINS
1 2.0501037950350582e-06
2 4.0131061821945274e-07
3 4.0131062269094645e-07
4 -2.8527250359454574e-06
5 -3.775856628116349e-07
6 1.9002647918295325e-06
7 1.9002647993186048e-06
8 1.1739113585590915e-06
9 5.699154568549953e-06
10 2.5396825404513332e-06
11 -3.855218563308293e-06
12 -2.052228797251303e-06
13 -5.406715580387222e-06
14 -3.6887655824999756e-06
15 -3.6887655841904374e-06
16 -3.839786089570533e-06
17 -8.475153457046755e-06
18 -5.699154565622714e-06
19 -7.571870400858824e-06
20 2.644095518095702e-06
21 3.178082297636294e-06
22 1.517920953723788e-06
23 2.3317456722008516e-06
24 3.0930425307672164e-06
25 6.192375174219942e-07
26 -3.9826638489969545e-06
27 -3.3066177747345335e-06
28 1.5179209537237856e-06

*ELEMENT_STRESSES
1 430521.7969573622
2 84275.22982608508
3 84275.23076509875
4 -599072.2575485461
5 -79292.98919044333
6 399055.60628420184
7 399055.607856907
8 246521.38529740923
9 1196822.4593954901
10 533333.33349478
11 -809595.8982947416
12 -430968.0474227736
13 -1135410.2718813168
14 -774640.7723249949
15 -774640.7726799919
16 -806355.078809812
17 -1779782.2259798185
18 -1196822.45878077
19 -1590092.7841803532
20 555260.0588000974
21 667397.2825036217
22 318763.4002819955
23 489666.59116217884
24 649538.9314611155
25 130039.87865861879
26 -836359.4082893605
27 -694389.732694252
28 318763.40028199495
